# JRE version: OpenJDK Runtime Environment (11.0.12+7) (build 11.0.12+7-b1504.28-7817840)
# Java VM: OpenJDK 64-Bit Server VM (11.0.12+7-b1504.28-7817840, mixed mode, tiered, compressed oops, g1 gc, windows-amd64)
Heap:
 garbage-first heap   total 131072K, used 92989K [0x0000000080000000, 0x0000000100000000)
  region size 1024K, 11 young (11264K), 4 survivors (4096K)
 Metaspace       used 94567K, capacity 96825K, committed 96976K, reserved 1132544K
  class space    used 12300K, capacity 13124K, committed 13132K, reserved 1048576K
GC Heap History (20 events):
Event: 40.560 GC heap before
{Heap before GC invocations=19 (full 0):
 garbage-first heap   total 131072K, used 106695K [0x0000000080000000, 0x0000000100000000)
  region size 1024K, 43 young (44032K), 3 survivors (3072K)
 Metaspace       used 77463K, capacity 79070K, committed 79312K, reserved 1118208K
  class space    used 10074K, capacity 10744K, committed 10828K, reserved 1048576K
}
Event: 40.575 GC heap after
{Heap after GC invocations=20 (full 0):
 garbage-first heap   total 131072K, used 67954K [0x0000000080000000, 0x0000000100000000)
  region size 1024K, 5 young (5120K), 5 survivors (5120K)
 Metaspace       used 77463K, capacity 79070K, committed 79312K, reserved 1118208K
  class space    used 10074K, capacity 10744K, committed 10828K, reserved 1048576K
}
Event: 41.908 GC heap before
{Heap before GC invocations=21 (full 0):
 garbage-first heap   total 131072K, used 107890K [0x0000000080000000, 0x0000000100000000)
  region size 1024K, 44 young (45056K), 5 survivors (5120K)
 Metaspace       used 81828K, capacity 83533K, committed 83792K, reserved 1122304K
  class space    used 10667K, capacity 11340K, committed 11468K, reserved 1048576K
}
Event: 41.920 GC heap after
{Heap after GC invocations=22 (full 0):
 garbage-first heap   total 131072K, used 70465K [0x0000000080000000, 0x0000000100000000)
  region size 1024K, 5 young (5120K), 5 survivors (5120K)
 Metaspace       used 81828K, capacity 83533K, committed 83792K, reserved 1122304K
  class space    used 10667K, capacity 11340K, committed 11468K, reserved 1048576K
}
Event: 46.717 GC heap before
{Heap before GC invocations=22 (full 0):
 garbage-first heap   total 131072K, used 109377K [0x0000000080000000, 0x0000000100000000)
  region size 1024K, 43 young (44032K), 5 survivors (5120K)
 Metaspace       used 84581K, capacity 86435K, committed 86736K, reserved 1124352K
  class space    used 11049K, capacity 11763K, committed 11852K, reserved 1048576K
}
Event: 46.736 GC heap after
{Heap after GC invocations=23 (full 0):
 garbage-first heap   total 131072K, used 73940K [0x0000000080000000, 0x0000000100000000)
  region size 1024K, 6 young (6144K), 6 survivors (6144K)
 Metaspace       used 84581K, capacity 86435K, committed 86736K, reserved 1124352K
  class space    used 11049K, capacity 11763K, committed 11852K, reserved 1048576K
}
Event: 50.217 GC heap before
{Heap before GC invocations=24 (full 0):
 garbage-first heap   total 131072K, used 107732K [0x0000000080000000, 0x0000000100000000)
  region size 1024K, 40 young (40960K), 6 survivors (6144K)
 Metaspace       used 85284K, capacity 87207K, committed 87376K, reserved 1124352K
  class space    used 11153K, capacity 11910K, committed 11980K, reserved 1048576K
}
Event: 50.237 GC heap after
{Heap after GC invocations=25 (full 0):
 garbage-first heap   total 131072K, used 76327K [0x0000000080000000, 0x0000000100000000)
  region size 1024K, 3 young (3072K), 3 survivors (3072K)
 Metaspace       used 85284K, capacity 87207K, committed 87376K, reserved 1124352K
  class space    used 11153K, capacity 11910K, committed 11980K, reserved 1048576K
}
Event: 58.389 GC heap before
{Heap before GC invocations=25 (full 0):
 garbage-first heap   total 131072K, used 109095K [0x0000000080000000, 0x0000000100000000)
  region size 1024K, 36 young (36864K), 3 survivors (3072K)
 Metaspace       used 85911K, capacity 87864K, committed 87888K, reserved 1126400K
  class space    used 11201K, capacity 11969K, committed 11980K, reserved 1048576K
}
Event: 58.399 GC heap after
{Heap after GC invocations=26 (full 0):
 garbage-first heap   total 131072K, used 78848K [0x0000000080000000, 0x0000000100000000)
  region size 1024K, 5 young (5120K), 5 survivors (5120K)
 Metaspace       used 85911K, capacity 87864K, committed 87888K, reserved 1126400K
  class space    used 11201K, capacity 11969K, committed 11980K, reserved 1048576K
}
Event: 60.032 GC heap before
{Heap before GC invocations=27 (full 0):
 garbage-first heap   total 131072K, used 109568K [0x0000000080000000, 0x0000000100000000)
  region size 1024K, 36 young (36864K), 5 survivors (5120K)
 Metaspace       used 86205K, capacity 88281K, committed 88400K, reserved 1126400K
  class space    used 11213K, capacity 11979K, committed 11980K, reserved 1048576K
}
Event: 60.043 GC heap after
{Heap after GC invocations=28 (full 0):
 garbage-first heap   total 131072K, used 81472K [0x0000000080000000, 0x0000000100000000)
  region size 1024K, 3 young (3072K), 3 survivors (3072K)
 Metaspace       used 86205K, capacity 88281K, committed 88400K, reserved 1126400K
  class space    used 11213K, capacity 11979K, committed 11980K, reserved 1048576K
}
Event: 61.952 GC heap before
{Heap before GC invocations=28 (full 0):
 garbage-first heap   total 131072K, used 110144K [0x0000000080000000, 0x0000000100000000)
  region size 1024K, 32 young (32768K), 3 survivors (3072K)
 Metaspace       used 87558K, capacity 89568K, committed 89680K, reserved 1126400K
  class space    used 11406K, capacity 12207K, committed 12236K, reserved 1048576K
}
Event: 61.963 GC heap after
{Heap after GC invocations=29 (full 0):
 garbage-first heap   total 131072K, used 82777K [0x0000000080000000, 0x0000000100000000)
  region size 1024K, 2 young (2048K), 2 survivors (2048K)
 Metaspace       used 87558K, capacity 89568K, committed 89680K, reserved 1126400K
  class space    used 11406K, capacity 12207K, committed 12236K, reserved 1048576K
}
Event: 62.713 GC heap before
{Heap before GC invocations=30 (full 0):
 garbage-first heap   total 131072K, used 109401K [0x0000000080000000, 0x0000000100000000)
  region size 1024K, 29 young (29696K), 2 survivors (2048K)
 Metaspace       used 89627K, capacity 91624K, committed 91728K, reserved 1128448K
  class space    used 11663K, capacity 12444K, committed 12492K, reserved 1048576K
}
Event: 62.721 GC heap after
{Heap after GC invocations=31 (full 0):
 garbage-first heap   total 131072K, used 83327K [0x0000000080000000, 0x0000000100000000)
  region size 1024K, 2 young (2048K), 2 survivors (2048K)
 Metaspace       used 89627K, capacity 91624K, committed 91728K, reserved 1128448K
  class space    used 11663K, capacity 12444K, committed 12492K, reserved 1048576K
}
Event: 63.295 GC heap before
{Heap before GC invocations=31 (full 0):
 garbage-first heap   total 131072K, used 111999K [0x0000000080000000, 0x0000000100000000)
  region size 1024K, 30 young (30720K), 2 survivors (2048K)
 Metaspace       used 91620K, capacity 93640K, committed 93776K, reserved 1130496K
  class space    used 11884K, capacity 12668K, committed 12748K, reserved 1048576K
}
Event: 63.307 GC heap after
{Heap after GC invocations=32 (full 0):
 garbage-first heap   total 131072K, used 84818K [0x0000000080000000, 0x0000000100000000)
  region size 1024K, 4 young (4096K), 4 survivors (4096K)
 Metaspace       used 91620K, capacity 93640K, committed 93776K, reserved 1130496K
  class space    used 11884K, capacity 12668K, committed 12748K, reserved 1048576K
}
Event: 65.391 GC heap before
{Heap before GC invocations=33 (full 0):
 garbage-first heap   total 131072K, used 111442K [0x0000000080000000, 0x0000000100000000)
  region size 1024K, 30 young (30720K), 4 survivors (4096K)
 Metaspace       used 93467K, capacity 95602K, committed 95824K, reserved 1132544K
  class space    used 12116K, capacity 12909K, committed 13004K, reserved 1048576K
}
Event: 65.402 GC heap after
{Heap after GC invocations=34 (full 0):
 garbage-first heap   total 131072K, used 86845K [0x0000000080000000, 0x0000000100000000)
  region size 1024K, 4 young (4096K), 4 survivors (4096K)
 Metaspace       used 93467K, capacity 95602K, committed 95824K, reserved 1132544K
  class space    used 12116K, capacity 12909K, committed 13004K, reserved 1048576K
}

